info it worked if it ends with ok
verbose cli [ 'node', '/usr/local/bin/npm', 'publish' ]
info using npm@1.0.30
info using node@v0.4.12
verbose config file /Users/craigcondon/.npmrc
verbose config file /usr/local/etc/npmrc
verbose publish [ '.' ]
silly testEngine { name: 'beet',
silly testEngine   descriptions: 'Supervisord library for node.js',
silly testEngine   version: '0.1.10',
silly testEngine   author: { name: 'Craig Condon', email: 'craig@spiceapps.com' },
silly testEngine   bin: 
silly testEngine    { 'beet-install': './bin/install',
silly testEngine      beet: './bin/beet' },
silly testEngine   repository: 
silly testEngine    { type: 'git',
silly testEngine      url: 'git://github.com/spiceapps/beet.git' },
silly testEngine   main: './lib/index.js',
silly testEngine   dependencies: 
silly testEngine    { structr: '*',
silly testEngine      supervisord: '*',
silly testEngine      ini: '*',
silly testEngine      'node-fs': '*',
silly testEngine      celeri: '*',
silly testEngine      underscore: '*',
silly testEngine      yaconfig: '*' },
silly testEngine   os: [ 'linux', 'darwin', 'freebsd' ],
silly testEngine   _npmJsonOpts: 
silly testEngine    { file: '/Users/craigcondon/Developer/Public/beet/package.json',
silly testEngine      wscript: false,
silly testEngine      contributors: false,
silly testEngine      serverjs: false },
silly testEngine   _id: 'beet@0.1.10',
silly testEngine   devDependencies: {},
silly testEngine   engines: { node: '*' },
silly testEngine   _engineSupported: true,
silly testEngine   _npmVersion: '1.0.30',
silly testEngine   _nodeVersion: 'v0.4.12',
silly testEngine   _defaultsLoaded: true,
silly testEngine   scripts: {} }
verbose caching /Users/craigcondon/Developer/Public/beet/package.json
verbose loadDefaults beet@0.1.10
info prepublish beet@0.1.10
verbose cache add [ '.', null ]
silly cache add: name, spec, args [ undefined, '.', [ '.', null ] ]
verbose parsed url { pathname: '.', href: '.' }
silly testEngine { name: 'beet',
silly testEngine   descriptions: 'Supervisord library for node.js',
silly testEngine   version: '0.1.10',
silly testEngine   author: { name: 'Craig Condon', email: 'craig@spiceapps.com' },
silly testEngine   bin: 
silly testEngine    { 'beet-install': './bin/install',
silly testEngine      beet: './bin/beet' },
silly testEngine   repository: 
silly testEngine    { type: 'git',
silly testEngine      url: 'git://github.com/spiceapps/beet.git' },
silly testEngine   main: './lib/index.js',
silly testEngine   dependencies: 
silly testEngine    { structr: '*',
silly testEngine      supervisord: '*',
silly testEngine      ini: '*',
silly testEngine      'node-fs': '*',
silly testEngine      celeri: '*',
silly testEngine      underscore: '*',
silly testEngine      yaconfig: '*' },
silly testEngine   os: [ 'linux', 'darwin', 'freebsd' ],
silly testEngine   _npmJsonOpts: 
silly testEngine    { file: 'package.json',
silly testEngine      wscript: false,
silly testEngine      contributors: false,
silly testEngine      serverjs: false },
silly testEngine   _id: 'beet@0.1.10',
silly testEngine   devDependencies: {},
silly testEngine   engines: { node: '*' },
silly testEngine   _engineSupported: true,
silly testEngine   _npmVersion: '1.0.30',
silly testEngine   _nodeVersion: 'v0.4.12',
silly testEngine   _defaultsLoaded: true,
silly testEngine   path: '/Users/craigcondon/Developer/Public/beet' }
verbose caching package.json
verbose loadDefaults beet@0.1.10
verbose pack /Users/craigcondon/Developer/Public/beet /tmp/npm-1317074752858/1317074752858-0.8839121120981872/tmp.tgz
verbose mkdir (expected) error ENOENT, No such file or directory '/tmp/npm-1317074752858'
verbose mkdir (expected) error ENOENT, No such file or directory '/tmp/npm-1317074752858/1317074752858-0.8839121120981872'
verbose mkdir done: /tmp/npm-1317074752858/1317074752858-0.8839121120981872 755
verbose mkdir'ed /tmp/npm-1317074752858/1317074752858-0.8839121120981872
verbose tar about to write tar and gzip it.
silly tar args [ '-cvf',
silly tar args   '-',
silly tar args   'beet/.gitignore',
silly tar args   'beet/beet.tmproj',
silly tar args   'beet/MIT-LICENSE.txt',
silly tar args   'beet/package.json',
silly tar args   'beet/README.md',
silly tar args   'beet/bin/beet',
silly tar args   'beet/bin/install',
silly tar args   'beet/bin/supervisord',
silly tar args   'beet/bin/supervisord.conf',
silly tar args   'beet/lib/group.js',
silly tar args   'beet/lib/index.js',
silly tar args   'beet/lib/models/configuration.js' ]
verbose success tar -cvf - <file list elided>
verbose success gzip "--stdout"
verbose mkdir (expected) error ENOENT, No such file or directory '/tmp/npm-1317074752858/1317074752858-0.8839121120981872/contents'
verbose mkdir (expected) error ENOENT, No such file or directory '/tmp/npm-1317074752858/1317074752858-0.8839121120981872/contents/___package.npm'
verbose mkdir done: /tmp/npm-1317074752858/1317074752858-0.8839121120981872/contents/___package.npm 755
verbose unpack_ uid, gid [ 501, 20 ]
verbose unpackTarget /tmp/npm-1317074752858/1317074752858-0.8839121120981872/contents/package
silly gunzTarPerm modes [ '755', '644' ]
verbose success gzip "--decompress" "--stdout" "/tmp/npm-1317074752858/1317074752858-0.8839121120981872/tmp.tgz"
verbose success tar "-mvxpf" "-" "-o" "-C" "/tmp/npm-1317074752858/1317074752858-0.8839121120981872/contents/___package.npm"
silly asyncMap in gTP /tmp/npm-1317074752858/1317074752858-0.8839121120981872/contents/___package.npm/beet/
silly asyncMap in gTP /tmp/npm-1317074752858/1317074752858-0.8839121120981872/contents/___package.npm/beet/.gitignore
silly asyncMap in gTP /tmp/npm-1317074752858/1317074752858-0.8839121120981872/contents/___package.npm/beet/beet.tmproj
silly asyncMap in gTP /tmp/npm-1317074752858/1317074752858-0.8839121120981872/contents/___package.npm/beet/MIT-LICENSE.txt
silly asyncMap in gTP /tmp/npm-1317074752858/1317074752858-0.8839121120981872/contents/___package.npm/beet/package.json
silly asyncMap in gTP /tmp/npm-1317074752858/1317074752858-0.8839121120981872/contents/___package.npm/beet/README.md
silly asyncMap in gTP /tmp/npm-1317074752858/1317074752858-0.8839121120981872/contents/___package.npm/beet/bin/
silly asyncMap in gTP /tmp/npm-1317074752858/1317074752858-0.8839121120981872/contents/___package.npm/beet/bin/beet
silly asyncMap in gTP /tmp/npm-1317074752858/1317074752858-0.8839121120981872/contents/___package.npm/beet/bin/install
silly asyncMap in gTP /tmp/npm-1317074752858/1317074752858-0.8839121120981872/contents/___package.npm/beet/bin/supervisord
silly asyncMap in gTP /tmp/npm-1317074752858/1317074752858-0.8839121120981872/contents/___package.npm/beet/bin/supervisord.conf
silly asyncMap in gTP /tmp/npm-1317074752858/1317074752858-0.8839121120981872/contents/___package.npm/beet/lib/
silly asyncMap in gTP /tmp/npm-1317074752858/1317074752858-0.8839121120981872/contents/___package.npm/beet/lib/group.js
silly asyncMap in gTP /tmp/npm-1317074752858/1317074752858-0.8839121120981872/contents/___package.npm/beet/lib/index.js
silly asyncMap in gTP /tmp/npm-1317074752858/1317074752858-0.8839121120981872/contents/___package.npm/beet/lib/models/
silly asyncMap in gTP /tmp/npm-1317074752858/1317074752858-0.8839121120981872/contents/___package.npm/beet/lib/models/configuration.js
verbose gunzed /tmp/npm-1317074752858/1317074752858-0.8839121120981872/contents/___package.npm/beet
verbose rm'ed /tmp/npm-1317074752858/1317074752858-0.8839121120981872/contents/package
verbose renamed [ '/tmp/npm-1317074752858/1317074752858-0.8839121120981872/contents/___package.npm/beet',
verbose renamed   '/tmp/npm-1317074752858/1317074752858-0.8839121120981872/contents/package' ]
silly testEngine { name: 'beet',
silly testEngine   descriptions: 'Supervisord library for node.js',
silly testEngine   version: '0.1.10',
silly testEngine   author: { name: 'Craig Condon', email: 'craig@spiceapps.com' },
silly testEngine   bin: 
silly testEngine    { 'beet-install': './bin/install',
silly testEngine      beet: './bin/beet' },
silly testEngine   repository: 
silly testEngine    { type: 'git',
silly testEngine      url: 'git://github.com/spiceapps/beet.git' },
silly testEngine   main: './lib/index.js',
silly testEngine   dependencies: 
silly testEngine    { structr: '*',
silly testEngine      supervisord: '*',
silly testEngine      ini: '*',
silly testEngine      'node-fs': '*',
silly testEngine      celeri: '*',
silly testEngine      underscore: '*',
silly testEngine      yaconfig: '*' },
silly testEngine   os: [ 'linux', 'darwin', 'freebsd' ],
silly testEngine   _npmJsonOpts: 
silly testEngine    { file: '/tmp/npm-1317074752858/1317074752858-0.8839121120981872/contents/package/package.json',
silly testEngine      wscript: false,
silly testEngine      contributors: false,
silly testEngine      serverjs: false },
silly testEngine   _id: 'beet@0.1.10',
silly testEngine   devDependencies: {},
silly testEngine   engines: { node: '*' },
silly testEngine   _engineSupported: true,
silly testEngine   _npmVersion: '1.0.30',
silly testEngine   _nodeVersion: 'v0.4.12',
silly testEngine   _defaultsLoaded: true,
silly testEngine   path: '/tmp/npm-1317074752858/1317074752858-0.8839121120981872/contents/package' }
verbose caching /tmp/npm-1317074752858/1317074752858-0.8839121120981872/contents/package/package.json
verbose loadDefaults beet@0.1.10
verbose tarball contents [ 'package' ]
verbose from cache /tmp/npm-1317074752858/1317074752858-0.8839121120981872/contents/package/package.json
verbose pack /tmp/npm-1317074752858/1317074752858-0.8839121120981872/contents/package /Users/craigcondon/.npm/beet/0.1.10/package.tgz
verbose mkdir'ed /Users/craigcondon/.npm/beet/0.1.10
verbose tar about to write tar and gzip it.
silly tar args [ '-cvf',
silly tar args   '-',
silly tar args   'package/.gitignore',
silly tar args   'package/beet.tmproj',
silly tar args   'package/package.json',
silly tar args   'package/MIT-LICENSE.txt',
silly tar args   'package/README.md',
silly tar args   'package/bin/beet',
silly tar args   'package/bin/install',
silly tar args   'package/bin/supervisord',
silly tar args   'package/bin/supervisord.conf',
silly tar args   'package/lib/group.js',
silly tar args   'package/lib/index.js',
silly tar args   'package/lib/models/configuration.js' ]
verbose success tar -cvf - <file list elided>
verbose success gzip "--stdout"
verbose mkdir (expected) error ENOENT, No such file or directory '/Users/craigcondon/.npm/beet/0.1.10/___package.npm'
verbose mkdir done: /Users/craigcondon/.npm/beet/0.1.10/___package.npm 755
verbose unpack_ uid, gid [ 501, 20 ]
verbose unpackTarget /Users/craigcondon/.npm/beet/0.1.10/package
silly gunzTarPerm modes [ '755', '644' ]
verbose success gzip "--decompress" "--stdout" "/Users/craigcondon/.npm/beet/0.1.10/package.tgz"
verbose success tar "-mvxpf" "-" "-o" "-C" "/Users/craigcondon/.npm/beet/0.1.10/___package.npm"
silly asyncMap in gTP /Users/craigcondon/.npm/beet/0.1.10/___package.npm/package/
silly asyncMap in gTP /Users/craigcondon/.npm/beet/0.1.10/___package.npm/package/.gitignore
silly asyncMap in gTP /Users/craigcondon/.npm/beet/0.1.10/___package.npm/package/beet.tmproj
silly asyncMap in gTP /Users/craigcondon/.npm/beet/0.1.10/___package.npm/package/MIT-LICENSE.txt
silly asyncMap in gTP /Users/craigcondon/.npm/beet/0.1.10/___package.npm/package/package.json
silly asyncMap in gTP /Users/craigcondon/.npm/beet/0.1.10/___package.npm/package/README.md
silly asyncMap in gTP /Users/craigcondon/.npm/beet/0.1.10/___package.npm/package/bin/
silly asyncMap in gTP /Users/craigcondon/.npm/beet/0.1.10/___package.npm/package/bin/beet
silly asyncMap in gTP /Users/craigcondon/.npm/beet/0.1.10/___package.npm/package/bin/install
silly asyncMap in gTP /Users/craigcondon/.npm/beet/0.1.10/___package.npm/package/bin/supervisord
silly asyncMap in gTP /Users/craigcondon/.npm/beet/0.1.10/___package.npm/package/bin/supervisord.conf
silly asyncMap in gTP /Users/craigcondon/.npm/beet/0.1.10/___package.npm/package/lib/
silly asyncMap in gTP /Users/craigcondon/.npm/beet/0.1.10/___package.npm/package/lib/group.js
silly asyncMap in gTP /Users/craigcondon/.npm/beet/0.1.10/___package.npm/package/lib/index.js
silly asyncMap in gTP /Users/craigcondon/.npm/beet/0.1.10/___package.npm/package/lib/models/
silly asyncMap in gTP /Users/craigcondon/.npm/beet/0.1.10/___package.npm/package/lib/models/configuration.js
verbose gunzed /Users/craigcondon/.npm/beet/0.1.10/___package.npm/package
verbose rm'ed /Users/craigcondon/.npm/beet/0.1.10/package
verbose renamed [ '/Users/craigcondon/.npm/beet/0.1.10/___package.npm/package',
verbose renamed   '/Users/craigcondon/.npm/beet/0.1.10/package' ]
silly testEngine { name: 'beet',
silly testEngine   descriptions: 'Supervisord library for node.js',
silly testEngine   version: '0.1.10',
silly testEngine   author: { name: 'Craig Condon', email: 'craig@spiceapps.com' },
silly testEngine   bin: 
silly testEngine    { 'beet-install': './bin/install',
silly testEngine      beet: './bin/beet' },
silly testEngine   repository: 
silly testEngine    { type: 'git',
silly testEngine      url: 'git://github.com/spiceapps/beet.git' },
silly testEngine   main: './lib/index.js',
silly testEngine   dependencies: 
silly testEngine    { structr: '*',
silly testEngine      supervisord: '*',
silly testEngine      ini: '*',
silly testEngine      'node-fs': '*',
silly testEngine      celeri: '*',
silly testEngine      underscore: '*',
silly testEngine      yaconfig: '*' },
silly testEngine   os: [ 'linux', 'darwin', 'freebsd' ],
silly testEngine   _npmJsonOpts: 
silly testEngine    { file: '/Users/craigcondon/.npm/beet/0.1.10/package/package.json',
silly testEngine      wscript: false,
silly testEngine      contributors: false,
silly testEngine      serverjs: false },
silly testEngine   _id: 'beet@0.1.10',
silly testEngine   devDependencies: {},
silly testEngine   engines: { node: '*' },
silly testEngine   _engineSupported: true,
silly testEngine   _npmVersion: '1.0.30',
silly testEngine   _nodeVersion: 'v0.4.12',
silly testEngine   _defaultsLoaded: true,
silly testEngine   dist: 
silly testEngine    { shasum: '8d412d52100ca986e449c69543192750fabbc3e5',
silly testEngine      tarball: 'http://registry.npmjs.org/beet/-/beet-0.1.10.tgz' } }
verbose caching /Users/craigcondon/.npm/beet/0.1.10/package/package.json
verbose loadDefaults beet@0.1.10
silly updated sha bytes 12353
info shasum 8d412d52100ca986e449c69543192750fabbc3e5
info shasum /Users/craigcondon/.npm/beet/0.1.10/package.tgz
verbose from cache /Users/craigcondon/.npm/beet/0.1.10/package/package.json
verbose chmod /Users/craigcondon/.npm/beet/0.1.10/package.tgz 644
silly publish { name: 'beet',
silly publish   descriptions: 'Supervisord library for node.js',
silly publish   version: '0.1.10',
silly publish   author: { name: 'Craig Condon', email: 'craig@spiceapps.com' },
silly publish   bin: 
silly publish    { 'beet-install': './bin/install',
silly publish      beet: './bin/beet' },
silly publish   repository: 
silly publish    { type: 'git',
silly publish      url: 'git://github.com/spiceapps/beet.git' },
silly publish   main: './lib/index.js',
silly publish   dependencies: 
silly publish    { structr: '*',
silly publish      supervisord: '*',
silly publish      ini: '*',
silly publish      'node-fs': '*',
silly publish      celeri: '*',
silly publish      underscore: '*',
silly publish      yaconfig: '*' },
silly publish   os: [ 'linux', 'darwin', 'freebsd' ],
silly publish   _npmJsonOpts: 
silly publish    { file: '/Users/craigcondon/.npm/beet/0.1.10/package/package.json',
silly publish      wscript: false,
silly publish      contributors: false,
silly publish      serverjs: false },
silly publish   _id: 'beet@0.1.10',
silly publish   devDependencies: {},
silly publish   engines: { node: '*' },
silly publish   _engineSupported: true,
silly publish   _npmVersion: '1.0.30',
silly publish   _nodeVersion: 'v0.4.12',
silly publish   _defaultsLoaded: true,
silly publish   dist: 
silly publish    { shasum: '8d412d52100ca986e449c69543192750fabbc3e5',
silly publish      tarball: 'http://registry.npmjs.org/beet/-/beet-0.1.10.tgz' } }
verbose PUT beet
verbose raw, before any munging beet
verbose url resolving [ 'https://registry.npmjs.org/', './beet' ]
verbose url resolved https://registry.npmjs.org/beet
verbose GET beet
verbose raw, before any munging beet
verbose url resolving [ 'https://registry.npmjs.org/', './beet' ]
verbose url resolved https://registry.npmjs.org/beet
info Already published beet@0.1.10
verbose uploading bin dists []
ERR! publish fail Cannot publish over existing version.
ERR! publish fail Bump the 'version' field, set the --force flag, or
ERR! publish fail     npm unpublish 'beet@0.1.10'
ERR! publish fail and try again
ERR! 
ERR! System Darwin 10.7.0
ERR! command "node" "/usr/local/bin/npm" "publish"
ERR! cwd /Users/craigcondon/Developer/Public/beet
ERR! node -v v0.4.12
ERR! npm -v 1.0.30
verbose exit [ 1, true ]
